c:\users\marcelo\desktop\unisinos\2022 01\fundamentos de computação gráfica\repositório\fundcg\hellotriangle\hellotriangle\debug\vc143.pdb
c:\users\marcelo\desktop\unisinos\2022 01\fundamentos de computação gráfica\repositório\fundcg\hellotriangle\hellotriangle\debug\vc143.idb
c:\users\marcelo\desktop\unisinos\2022 01\fundamentos de computação gráfica\repositório\fundcg\hellotriangle\hellotriangle\debug\glad.obj
c:\users\marcelo\desktop\unisinos\2022 01\fundamentos de computação gráfica\repositório\fundcg\hellotriangle\hellotriangle\debug\source.obj
c:\users\marcelo\desktop\unisinos\2022 01\fundamentos de computação gráfica\repositório\fundcg\hellotriangle\hellotriangle\debug\shader.obj
c:\users\marcelo\desktop\unisinos\2022 01\fundamentos de computação gráfica\repositório\fundcg\lista1\hellotriangle\hellotriangle\debug\vc143.pdb
c:\users\marcelo\desktop\unisinos\2022 01\fundamentos de computação gráfica\repositório\fundcg\lista1\hellotriangle\hellotriangle\debug\vc143.idb
c:\users\marcelo\desktop\unisinos\2022 01\fundamentos de computação gráfica\repositório\fundcg\lista1\hellotriangle\hellotriangle\debug\glad.obj
c:\users\marcelo\desktop\unisinos\2022 01\fundamentos de computação gráfica\repositório\fundcg\lista1\hellotriangle\hellotriangle\debug\source.obj
c:\users\marcelo\desktop\unisinos\2022 01\fundamentos de computação gráfica\repositório\fundcg\lista1\hellotriangle\hellotriangle\debug\shader.obj
c:\users\marcelo\desktop\unisinos\2022 01\fundamentos de computação gráfica\repositório\fundcg\hellotriangle\debug\hellotriangle.exe
c:\users\marcelo\desktop\unisinos\2022 01\fundamentos de computação gráfica\repositório\fundcg\hellotriangle\hellotriangle\debug\hellotriangle.ilk
c:\users\marcelo\desktop\unisinos\2022 01\fundamentos de computação gráfica\repositório\fundcg\hellotriangle\debug\hellotriangle.pdb
c:\users\marcelo\desktop\unisinos\2022 01\fundamentos de computação gráfica\repositório\fundcg\lista1\hellotriangle\debug\hellotriangle.exe
c:\users\marcelo\desktop\unisinos\2022 01\fundamentos de computação gráfica\repositório\fundcg\lista1\hellotriangle\hellotriangle\debug\hellotriangle.ilk
c:\users\marcelo\desktop\unisinos\2022 01\fundamentos de computação gráfica\repositório\fundcg\lista1\hellotriangle\debug\hellotriangle.pdb
c:\users\marcelo\desktop\unisinos\2022 01\fundamentos de computação gráfica\repositório\fundcg\hellotriangle\hellotriangle\debug\hellotriangle.res
c:\users\marcelo\desktop\unisinos\2022 01\fundamentos de computação gráfica\repositório\fundcg\lista1\hellotriangle\hellotriangle\debug\hellotriangle.res
c:\users\marcelo\desktop\unisinos\2022 01\fundamentos de computação gráfica\repositório\fundcg\lista3\hellotriangle\hellotriangle\debug\glad.obj
c:\users\marcelo\desktop\unisinos\2022 01\fundamentos de computação gráfica\repositório\fundcg\lista3\hellotriangle\hellotriangle\debug\shader.obj
c:\users\marcelo\desktop\unisinos\2022 01\fundamentos de computação gráfica\repositório\fundcg\lista3\hellotriangle\hellotriangle\debug\source.obj
c:\users\marcelo\desktop\unisinos\2022 01\fundamentos de computação gráfica\repositório\fundcg\lista3\hellotriangle\hellotriangle\debug\hellotriangle.ilk
c:\users\marcelo\desktop\unisinos\2022 01\fundamentos de computação gráfica\repositório\fundcg\lista3\hellotriangle\hellotriangle\debug\hellotriangle.res
c:\users\marcelo\desktop\unisinos\2022 01\fundamentos de computação gráfica\repositório\fundcg\lista3\hellotriangle\hellotriangle\debug\vc143.idb
c:\users\marcelo\desktop\unisinos\2022 01\fundamentos de computação gráfica\repositório\fundcg\lista3\hellotriangle\hellotriangle\debug\vc143.pdb
c:\users\marcelo\desktop\unisinos\2022 01\fundamentos de computação gráfica\repositório\fundcg\lista3\hellotriangle\debug\hellotriangle.pdb
c:\users\marcelo\desktop\unisinos\2022 01\fundamentos de computação gráfica\repositório\fundcg\lista3\hellotriangle\debug\hellotriangle.exe
c:\users\marcelo\desktop\unisinos\2022 01\fundamentos de computação gráfica\repositório\fundcg\lista3\hellotriangle\hellotriangle\debug\hellotriangle.tlog\cl.command.1.tlog
c:\users\marcelo\desktop\unisinos\2022 01\fundamentos de computação gráfica\repositório\fundcg\lista3\hellotriangle\hellotriangle\debug\hellotriangle.tlog\cl.read.1.tlog
c:\users\marcelo\desktop\unisinos\2022 01\fundamentos de computação gráfica\repositório\fundcg\lista3\hellotriangle\hellotriangle\debug\hellotriangle.tlog\cl.write.1.tlog
c:\users\marcelo\desktop\unisinos\2022 01\fundamentos de computação gráfica\repositório\fundcg\lista3\hellotriangle\hellotriangle\debug\hellotriangle.tlog\link.command.1.tlog
c:\users\marcelo\desktop\unisinos\2022 01\fundamentos de computação gráfica\repositório\fundcg\lista3\hellotriangle\hellotriangle\debug\hellotriangle.tlog\link.read.1.tlog
c:\users\marcelo\desktop\unisinos\2022 01\fundamentos de computação gráfica\repositório\fundcg\lista3\hellotriangle\hellotriangle\debug\hellotriangle.tlog\link.write.1.tlog
c:\users\marcelo\desktop\unisinos\2022 01\fundamentos de computação gráfica\repositório\fundcg\lista3\hellotriangle\hellotriangle\debug\hellotriangle.tlog\rc.command.1.tlog
c:\users\marcelo\desktop\unisinos\2022 01\fundamentos de computação gráfica\repositório\fundcg\lista3\hellotriangle\hellotriangle\debug\hellotriangle.tlog\rc.read.1.tlog
c:\users\marcelo\desktop\unisinos\2022 01\fundamentos de computação gráfica\repositório\fundcg\lista3\hellotriangle\hellotriangle\debug\hellotriangle.tlog\rc.write.1.tlog
